<?xml version="1.0" encoding="UTF-8" ?>
<testsuite tests="10" failures="0" name="com.mycompany.tqs_gocamping.tests.RESTResourceMockTest" time="0.279" errors="0" skipped="0">
  <properties>
[...]
</properties>
  <testcase classname="com.mycompany.tqs_gocamping.tests.RESTResourceMockTest" name="testGetResultsNoDestinationV2" time="0.195"/>
  <testcase classname="com.mycompany.tqs_gocamping.tests.RESTResourceMockTest" name="testGetResultsNoDestination" time="0"/>
  <testcase classname="com.mycompany.tqs_gocamping.tests.RESTResourceMockTest" name="testGetLogin" time="0"/>
  <testcase classname="com.mycompany.tqs_gocamping.tests.RESTResourceMockTest" name="testGetRegisterV2" time="0"/>
  <testcase classname="com.mycompany.tqs_gocamping.tests.RESTResourceMockTest" name="testGetResultsNothingV2" time="0"/>
  <testcase classname="com.mycompany.tqs_gocamping.tests.RESTResourceMockTest" name="testGetLoginV2" time="0"/>
  <testcase classname="com.mycompany.tqs_gocamping.tests.RESTResourceMockTest" name="testGetRegister" time="0"/>
  <testcase classname="com.mycompany.tqs_gocamping.tests.RESTResourceMockTest" name="testGetResultsNoType" time="0"/>
  <testcase classname="com.mycompany.tqs_gocamping.tests.RESTResourceMockTest" name="testGetResultsNothing" time="0.001"/>
  <testcase classname="com.mycompany.tqs_gocamping.tests.RESTResourceMockTest" name="testGetResultsFull" time="0"/>
</testsuite>